#
# There is insufficient memory for the Java Runtime Environment to continue.
# Native memory allocation (mmap) failed to map 264241152 bytes for G1 virtual space
# Possible reasons:
#   The system is out of physical RAM or swap space
#   The process is running with CompressedOops enabled, and the Java Heap may be blocking the growth of the native heap
# Possible solutions:
#   Reduce memory load on the system
#   Increase physical memory or swap space
#   Check if swap backing store is full
#   Decrease Java heap size (-Xmx/-Xms)
#   Decrease number of Java threads
#   Decrease Java thread stack sizes (-Xss)
#   Set larger code cache with -XX:ReservedCodeCacheSize=
#   JVM is running with Unscaled Compressed Oops mode in which the Java heap is
#     placed in the first 4GB address space. The Java Heap base address is the
#     maximum limit for the native heap growth. Please use -XX:HeapBaseMinAddress
#     to set the Java Heap base and to place the Java Heap above 4GB virtual address.
# This output file may be truncated or incomplete.
#
#  Out of Memory Error (os_windows.cpp:3550), pid=18912, tid=16460
#
# JRE version:  (17.0.8+9) (build )
# Java VM: Java HotSpot(TM) 64-Bit Server VM (17.0.8+9-LTS-211, mixed mode, sharing, tiered, compressed oops, compressed class ptrs, g1 gc, windows-amd64)
# No core dump will be written. Minidumps are not enabled by default on client versions of Windows
#

---------------  S U M M A R Y ------------

Command Line: -Dorg.gradle.internal.worker.tmpdir=C:\Users\dbgkd\Desktop\Hackathon_Team05\LikeLion-12th-TEAM05-BE\LikeLion_12th_TEAM05\build\tmp\test\work -Xmx512m -Dfile.encoding=x-windows-949 -Duser.country=KR -Duser.language=ko -Duser.variant -ea worker.org.gradle.process.internal.worker.GradleWorkerMain 'Gradle Test Executor 1'

Host: 12th Gen Intel(R) Core(TM) i5-1235U, 12 cores, 15G,  Windows 11 , 64 bit Build 22621 (10.0.22621.3672)
Time: Fri Jul 12 19:39:48 2024  Windows 11 , 64 bit Build 22621 (10.0.22621.3672) elapsed time: 0.038054 seconds (0d 0h 0m 0s)

---------------  T H R E A D  ---------------

Current thread (0x000001beef5ce760):  JavaThread "Unknown thread" [_thread_in_vm, id=16460, stack(0x000000235cc00000,0x000000235cd00000)]

Stack: [0x000000235cc00000,0x000000235cd00000]
Native frames: (J=compiled Java code, j=interpreted, Vv=VM code, C=native code)
V  [jvm.dll+0x677d0a]
V  [jvm.dll+0x7d8c54]
V  [jvm.dll+0x7da3fe]
V  [jvm.dll+0x7daa63]
V  [jvm.dll+0x245c5f]
V  [jvm.dll+0x674bb9]
V  [jvm.dll+0x6694f2]
V  [jvm.dll+0x3031d6]
V  [jvm.dll+0x30a756]
V  [jvm.dll+0x359f9e]
V  [jvm.dll+0x35a1cf]
V  [jvm.dll+0x2da3e8]
V  [jvm.dll+0x2db354]
V  [jvm.dll+0x7aa711]
V  [jvm.dll+0x367b51]
V  [jvm.dll+0x789979]
V  [jvm.dll+0x3eb05f]
V  [jvm.dll+0x3ecae1]
C  [jli.dll+0x5297]
C  [ucrtbase.dll+0x29333]
C  [KERNEL32.DLL+0x1257d]
C  [ntdll.dll+0x5af28]


---------------  P R O C E S S  ---------------

Threads class SMR info:
_java_thread_list=0x00007fff994059d8, length=0, elements={
}

Java Threads: ( => current thread )

Other Threads:
  0x000001beef5feb70 GCTaskThread "GC Thread#0" [stack: 0x000000235cd00000,0x000000235ce00000] [id=20976]
  0x000001beef6039b0 ConcurrentGCThread "G1 Main Marker" [stack: 0x000000235ce00000,0x000000235cf00000] [id=496]
  0x000001beef604a60 ConcurrentGCThread "G1 Conc#0" [stack: 0x000000235cf00000,0x000000235d000000] [id=18444]

[error occurred during error reporting (printing all threads), id 0xc0000005, EXCEPTION_ACCESS_VIOLATION (0xc0000005) at pc=0x00007fff98c3b047]

VM state: not at safepoint (not fully initialized)

VM Mutex/Monitor currently owned by a thread:  ([mutex/lock_event])
[0x000001beef5caca0] Heap_lock - owner thread: 0x000001beef5ce760

Heap address: 0x00000000e0000000, size: 512 MB, Compressed Oops mode: 32-bit

CDS archive(s) mapped at: [0x0000000000000000-0x0000000000000000-0x0000000000000000), size 0, SharedBaseAddress: 0x0000000800000000, ArchiveRelocationMode: 1.
Narrow klass base: 0x0000000000000000, Narrow klass shift: 0, Narrow klass range: 0x0

GC Precious Log:
<Empty>

Heap:
 garbage-first heap   total 0K, used 0K [0x00000000e0000000, 0x0000000100000000)
  region size 1024K, 0 young (0K), 0 survivors (0K)

[error occurred during error reporting (printing heap information), id 0xc0000005, EXCEPTION_ACCESS_VIOLATION (0xc0000005) at pc=0x00007fff99021499]

GC Heap History (0 events):
No events

Deoptimization events (0 events):
No events

Classes unloaded (0 events):
No events

Classes redefined (0 events):
No events

Internal exceptions (0 events):
No events

VM Operations (0 events):
No events

Events (1 events):
Event: 0.021 Loaded shared library C:\Program Files\Java\jdk-17\bin\java.dll


Dynamic libraries:
0x00007ff6ebf50000 - 0x00007ff6ebf60000 	C:\Program Files\Java\jdk-17\bin\java.exe
0x00007ff8350f0000 - 0x00007ff835307000 	C:\WINDOWS\SYSTEM32\ntdll.dll
0x00007ff833a70000 - 0x00007ff833b34000 	C:\WINDOWS\System32\KERNEL32.DLL
0x00007ff832920000 - 0x00007ff832ccc000 	C:\WINDOWS\System32\KERNELBASE.dll
0x00007ff832610000 - 0x00007ff832721000 	C:\WINDOWS\System32\ucrtbase.dll
0x00007ff821910000 - 0x00007ff821929000 	C:\Program Files\Java\jdk-17\bin\jli.dll
0x00007ff833360000 - 0x00007ff833412000 	C:\WINDOWS\System32\ADVAPI32.dll
0x00007ff820850000 - 0x00007ff82086b000 	C:\Program Files\Java\jdk-17\bin\VCRUNTIME140.dll
0x00007ff832e80000 - 0x00007ff832f27000 	C:\WINDOWS\System32\msvcrt.dll
0x00007ff8339c0000 - 0x00007ff833a6a000 	C:\WINDOWS\System32\sechost.dll
0x00007ff8324c0000 - 0x00007ff8324e8000 	C:\WINDOWS\System32\bcrypt.dll
0x00007ff834f20000 - 0x00007ff835035000 	C:\WINDOWS\System32\RPCRT4.dll
0x00007ff8331b0000 - 0x00007ff83335e000 	C:\WINDOWS\System32\USER32.dll
0x00007ff832d90000 - 0x00007ff832db6000 	C:\WINDOWS\System32\win32u.dll
0x00007ff834280000 - 0x00007ff8342a9000 	C:\WINDOWS\System32\GDI32.dll
0x00007ff817450000 - 0x00007ff8176e3000 	C:\WINDOWS\WinSxS\amd64_microsoft.windows.common-controls_6595b64144ccf1df_6.0.22621.3672_none_2713b9d173822955\COMCTL32.dll
0x00007ff8324f0000 - 0x00007ff832609000 	C:\WINDOWS\System32\gdi32full.dll
0x00007ff832420000 - 0x00007ff8324ba000 	C:\WINDOWS\System32\msvcp_win.dll
0x00007ff817860000 - 0x00007ff81786a000 	C:\WINDOWS\SYSTEM32\VERSION.dll
0x00007ff833500000 - 0x00007ff833531000 	C:\WINDOWS\System32\IMM32.DLL
0x00007ff821af0000 - 0x00007ff821afc000 	C:\Program Files\Java\jdk-17\bin\vcruntime140_1.dll
0x00007ff8026e0000 - 0x00007ff80276e000 	C:\Program Files\Java\jdk-17\bin\msvcp140.dll
0x00007fff98950000 - 0x00007fff9952e000 	C:\Program Files\Java\jdk-17\bin\server\jvm.dll
0x00007ff8339b0000 - 0x00007ff8339b8000 	C:\WINDOWS\System32\PSAPI.DLL
0x00007ff82d250000 - 0x00007ff82d284000 	C:\WINDOWS\SYSTEM32\WINMM.dll
0x00007ff82b9a0000 - 0x00007ff82b9a9000 	C:\WINDOWS\SYSTEM32\WSOCK32.dll
0x00007ff833bd0000 - 0x00007ff833c41000 	C:\WINDOWS\System32\WS2_32.dll
0x00007ff831450000 - 0x00007ff831468000 	C:\WINDOWS\SYSTEM32\kernel.appcore.dll
0x00007ff8218b0000 - 0x00007ff8218ba000 	C:\Program Files\Java\jdk-17\bin\jimage.dll
0x00007ff82fe50000 - 0x00007ff830082000 	C:\WINDOWS\SYSTEM32\DBGHELP.DLL
0x00007ff8342b0000 - 0x00007ff834638000 	C:\WINDOWS\System32\combase.dll
0x00007ff8341a0000 - 0x00007ff834277000 	C:\WINDOWS\System32\OLEAUT32.dll
0x00007ff82d290000 - 0x00007ff82d2c2000 	C:\WINDOWS\SYSTEM32\dbgcore.DLL
0x00007ff832730000 - 0x00007ff8327ab000 	C:\WINDOWS\System32\bcryptPrimitives.dll
0x00007ff81fdf0000 - 0x00007ff81fe15000 	C:\Program Files\Java\jdk-17\bin\java.dll

dbghelp: loaded successfully - version: 4.0.5 - missing functions: none
symbol engine: initialized successfully - sym options: 0x614 - pdb path: .;C:\Program Files\Java\jdk-17\bin;C:\WINDOWS\SYSTEM32;C:\WINDOWS\WinSxS\amd64_microsoft.windows.common-controls_6595b64144ccf1df_6.0.22621.3672_none_2713b9d173822955;C:\Program Files\Java\jdk-17\bin\server

VM Arguments:
jvm_args: -Dorg.gradle.internal.worker.tmpdir=C:\Users\dbgkd\Desktop\Hackathon_Team05\LikeLion-12th-TEAM05-BE\LikeLion_12th_TEAM05\build\tmp\test\work -Xmx512m -Dfile.encoding=x-windows-949 -Duser.country=KR -Duser.language=ko -Duser.variant -ea 
java_command: worker.org.gradle.process.internal.worker.GradleWorkerMain 'Gradle Test Executor 1'
java_class_path (initial): C:\\Users\\dbgkd\\.gradle\\caches\\8.8\\workerMain\\gradle-worker.jar;C:\\Users\\dbgkd\\Desktop\\Hackathon_Team05\\LikeLion-12th-TEAM05-BE\\LikeLion_12th_TEAM05\\build\\classes\\java\\test;C:\\Users\\dbgkd\\Desktop\\Hackathon_Team05\\LikeLion-12th-TEAM05-BE\\LikeLion_12th_TEAM05\\build\\classes\\java\\main;C:\\Users\\dbgkd\\Desktop\\Hackathon_Team05\\LikeLion-12th-TEAM05-BE\\LikeLion_12th_TEAM05\\build\\resources\\main;C:\\Users\\dbgkd\\.gradle\\caches\\modules-2\\files-2.1\\org.springframework.boot\\spring-boot-starter-data-jpa\\3.3.1\\f12725d58a944eaf4d44334a6a7b0fe14ed08577\\spring-boot-starter-data-jpa-3.3.1.jar;C:\\Users\\dbgkd\\.gradle\\caches\\modules-2\\files-2.1\\org.springframework.boot\\spring-boot-starter-security\\3.3.1\\8bd079c5339fc519fce243858cb3db819a983e9b\\spring-boot-starter-security-3.3.1.jar;C:\\Users\\dbgkd\\.gradle\\caches\\modules-2\\files-2.1\\org.springframework.boot\\spring-boot-starter-web\\3.3.1\\ec812e82a010d089438b6ac98ebe294f2e540f71\\spring-boot-starter-web-3.3.1.jar;C:\\Users\\dbgkd\\.gradle\\caches\\modules-2\\files-2.1\\com.mysql\\mysql-connector-j\\8.3.0\\1cc7fa5d61f4bbc113531a4ba6d85d41cf3d57e1\\mysql-connector-j-8.3.0.jar;C:\\Users\\dbgkd\\.gradle\\caches\\modules-2\\files-2.1\\org.springframework.boot\\spring-boot-starter-test\\3.3.1\\4ca82495c11ccba4998fc4e6f195ff6d5673b96b\\spring-boot-starter-test-3.3.1.jar;C:\\Users\\dbgkd\\.gradle\\caches\\modules-2\\files-2.1\\org.springframework.security\\spring-security-test\\6.3.1\\d583178e488bc2c165876a1c053c72b3d619cf10\\spring-security-test-6.3.1.jar;C:\\Users\\dbgkd\\.gradle\\caches\\modules-2\\files-2.1\\org.junit.jupiter\\junit-jupiter\\5.10.2\\831c0b86ddc2ce38391c5b81ea662b0cfdc02cce\\junit-jupiter-5.10.2.jar;C:\\Users\\dbgkd\\.gradle\\caches\\modules-2\\files-2.1\\org.junit.jupiter\\junit-jupiter-engine\\5.10.2\\f1f8fe97bd58e85569205f071274d459c2c4f8cd\\junit-jupiter-engine-5.10.2.jar;C:\\Users\\dbgkd\\.gradle\\caches\\modules-2\\files-2.1\\org.ju
Launcher Type: SUN_STANDARD

[Global flags]
     intx CICompilerCount                          = 4                                         {product} {ergonomic}
     uint ConcGCThreads                            = 3                                         {product} {ergonomic}
     uint G1ConcRefinementThreads                  = 10                                        {product} {ergonomic}
   size_t G1HeapRegionSize                         = 1048576                                   {product} {ergonomic}
    uintx GCDrainStackTargetSize                   = 64                                        {product} {ergonomic}
   size_t InitialHeapSize                          = 264241152                                 {product} {ergonomic}
   size_t MarkStackSize                            = 4194304                                   {product} {ergonomic}
   size_t MaxHeapSize                              = 536870912                                 {product} {command line}
   size_t MinHeapDeltaBytes                        = 1048576                                   {product} {ergonomic}
   size_t MinHeapSize                              = 8388608                                   {product} {ergonomic}
    uintx NonNMethodCodeHeapSize                   = 5839372                                {pd product} {ergonomic}
    uintx NonProfiledCodeHeapSize                  = 122909434                              {pd product} {ergonomic}
    uintx ProfiledCodeHeapSize                     = 122909434                              {pd product} {ergonomic}
    uintx ReservedCodeCacheSize                    = 251658240                              {pd product} {ergonomic}
     bool SegmentedCodeCache                       = true                                      {product} {ergonomic}
   size_t SoftMaxHeapSize                          = 536870912                              {manageable} {ergonomic}
     bool UseCompressedClassPointers               = true                           {product lp64_product} {ergonomic}
     bool UseCompressedOops                        = true                           {product lp64_product} {ergonomic}
     bool UseG1GC                                  = true                                      {product} {ergonomic}
     bool UseLargePagesIndividualAllocation        = false                                  {pd product} {ergonomic}

Logging:
Log output configuration:
 #0: stdout all=warning uptime,level,tags
 #1: stderr all=off uptime,level,tags

Environment Variables:
JAVA_HOME=C:\Program Files\Java\jdk-17
CLASSPATH=.;C:\Program Files\Java\jdk-17\lib\ojdbc8.jar
PATH=C:\Program Files\Java\jdk-17\bin\;C:\app\dbgkd\product\18.0.0\dbhomeXE\bin;C:\Program Files\Eclipse Adoptium\jdk-17.0.6.10-hotspot\bin;C:\WINDOWS\system32;C:\WINDOWS;C:\WINDOWS\System32\Wbem;C:\WINDOWS\System32\WindowsPowerShell\v1.0\;C:\WINDOWS\System32\OpenSSH\;C:\Program Files\MySQL\MySQL Server 8.0\bin;C:\Program Files\Git\cmd;C:\Program Files\GitHub CLI\;C:\Program Files\nodejs\;C:\Program Files (x86)\NetSarang\Xshell 7\;C:\Program Files (x86)\NetSarang\Xftp 7\;%GRADLE_HOME%\bin;C:\Users\dbgkd\AppData\Local\Programs\Python\Python312\Scripts\;C:\Users\dbgkd\AppData\Local\Programs\Python\Python312\;C:\Users\dbgkd\AppData\Local\Programs\Python\Launcher\;C:\Users\dbgkd\AppData\Local\Microsoft\WindowsApps;C:\Users\dbgkd\Downloads\Microsoft VS Code\bin;C:\Users\dbgkd\AppData\Roaming\npm;C:\Program Files\JetBrains\IntelliJ IDEA 2023.3.5\bin;;C:\Program Files\MySQL\MySQL Server 8.0\bin;
USERNAME=dbgkd
OS=Windows_NT
PROCESSOR_IDENTIFIER=Intel64 Family 6 Model 154 Stepping 4, GenuineIntel



---------------  S Y S T E M  ---------------

OS:
 Windows 11 , 64 bit Build 22621 (10.0.22621.3672)
OS uptime: 5 days 20:43 hours

CPU: total 12 (initial active 12) (12 cores per cpu, 1 threads per core) family 6 model 154 stepping 4 microcode 0x423, cx8, cmov, fxsr, mmx, 3dnowpref, sse, sse2, sse3, ssse3, sse4.1, sse4.2, popcnt, lzcnt, tsc, tscinvbit, avx, avx2, aes, erms, clmul, bmi1, bmi2, adx, sha, fma, vzeroupper, clflush, clflushopt, clwb

Memory: 4k page, system-wide physical 16098M (2340M free)
TotalPageFile size 18112M (AvailPageFile size 176M)
current process WorkingSet (physical memory assigned to process): 11M, peak: 11M
current process commit charge ("private bytes"): 63M, peak: 315M

vm_info: Java HotSpot(TM) 64-Bit Server VM (17.0.8+9-LTS-211) for windows-amd64 JRE (17.0.8+9-LTS-211), built on Jun 14 2023 10:34:31 by "mach5one" with MS VC++ 17.1 (VS2022)

END.
